  Application.cpp
  IndexBuffer.cpp
  Shader.cpp
  Texture.cpp
  VertexArray.cpp
C:\Users\evanz\Documents\GitHub\OpenGL\OpenGL\src\GLBasics\VertexArray.cpp(31,1): warning C4312: 'type cast': conversion from 'unsigned int' to 'const void *' of greater size
C:\Users\evanz\Documents\GitHub\OpenGL\OpenGL\src\GLBasics\VertexArray.cpp(51,1): warning C4312: 'type cast': conversion from 'unsigned int' to 'const void *' of greater size
  VertexBuffer.cpp
  Renderer.cpp
  MainUtils.cpp
  StbImageImpl.cpp
  Generating Code...
  ImGuiBuild.lib(imgui.obj) : MSIL .netmodule or module compiled with /GL found; restarting link with /LTCG; add /LTCG to the link command line to improve linker performance
LINK : warning LNK4075: ignoring '/INCREMENTAL' due to '/LTCG' specification
LINK : warning LNK4098: defaultlib 'MSVCRT' conflicts with use of other libs; use /NODEFAULTLIB:library
LINK : warning LNK4098: defaultlib 'LIBCMT' conflicts with use of other libs; use /NODEFAULTLIB:library
  Generating code
  Finished generating code
glew32s.lib(glew.obj) : warning LNK4099: PDB 'vc120.pdb' was not found with 'glew32s.lib(glew.obj)' or at 'C:\Users\evanz\Documents\GitHub\OpenGL\Binaries\x64\Debug\vc120.pdb'; linking object as if no debug info
  OpenGL.vcxproj -> C:\Users\evanz\Documents\GitHub\OpenGL\Binaries\x64\Debug\OpenGL.exe
